SF:lib/src/books_api.dart
DA:8,0
LF:1
LH:0
end_of_record
SF:lib/src/exceptions/book_api_exceptions.dart
DA:10,0
DA:18,0
DA:19,0
DA:27,0
DA:35,0
DA:44,0
DA:49,0
DA:50,0
LF:8
LH:0
end_of_record
SF:lib/src/models/book_detail.dart
DA:15,4
DA:29,1
DA:30,1
DA:60,2
DA:62,1
DA:63,1
DA:64,1
DA:65,1
DA:66,1
DA:67,1
DA:68,1
DA:69,1
DA:73,1
DA:75,1
DA:76,2
DA:80,1
LF:16
LH:16
end_of_record
SF:lib/src/models/book_detail.g.dart
DA:9,2
DA:10,1
DA:11,1
DA:12,2
DA:13,1
DA:14,2
DA:15,1
DA:16,1
DA:17,3
DA:18,1
DA:19,1
DA:22,1
DA:23,1
DA:24,1
DA:25,1
DA:26,2
DA:27,1
DA:28,1
DA:29,1
LF:19
LH:19
end_of_record
SF:lib/src/models/book_generic.dart
DA:18,3
DA:28,2
DA:29,2
DA:57,2
DA:59,2
DA:60,2
DA:61,2
DA:62,2
DA:63,2
DA:64,2
DA:65,2
DA:66,2
LF:12
LH:12
end_of_record
SF:lib/src/models/book_generic.g.dart
DA:9,4
DA:10,2
DA:11,2
DA:12,2
DA:13,4
DA:14,2
DA:15,4
DA:16,4
DA:17,4
DA:20,1
DA:21,1
DA:22,1
DA:23,1
DA:24,1
DA:25,1
DA:26,1
DA:27,1
LF:17
LH:17
end_of_record
SF:lib/src/models/book_list_results.dart
DA:17,1
DA:25,1
DA:26,1
DA:41,0
DA:43,1
DA:44,5
LF:6
LH:5
end_of_record
SF:lib/src/models/book_list_results.g.dart
DA:9,1
DA:10,1
DA:11,2
DA:12,2
DA:13,1
DA:14,1
DA:15,3
DA:16,1
DA:19,0
DA:20,0
DA:21,0
DA:22,0
DA:23,0
DA:24,0
LF:14
LH:8
end_of_record
