SF:lib/src/shelf_api.dart
DA:9,0
LF:1
LH:0
end_of_record
SF:lib/src/exceptions/exceptions.dart
DA:10,0
DA:12,0
DA:13,0
DA:22,0
DA:30,0
DA:31,0
DA:40,0
DA:45,0
DA:46,0
DA:55,0
DA:60,0
DA:61,0
LF:12
LH:0
end_of_record
SF:lib/src/models/saved_book.dart
DA:19,1
DA:31,1
DA:32,1
DA:60,2
DA:65,1
DA:69,1
DA:70,1
DA:71,1
DA:72,1
DA:73,1
DA:74,1
DA:75,1
DA:76,1
DA:77,1
DA:82,2
DA:84,1
DA:85,1
DA:86,1
DA:87,1
DA:88,1
DA:89,1
DA:90,1
DA:91,1
DA:92,1
DA:93,1
LF:25
LH:25
end_of_record
SF:lib/src/models/saved_book.g.dart
DA:9,2
DA:10,1
DA:11,1
DA:12,2
DA:13,1
DA:14,2
DA:15,1
DA:16,2
DA:17,2
DA:18,1
DA:20,2
DA:21,1
DA:23,2
DA:26,2
DA:27,1
DA:28,1
DA:29,1
DA:30,1
DA:31,1
DA:32,2
DA:33,2
DA:34,2
LF:22
LH:22
end_of_record
